<?xml version="1.0" encoding="UTF-8"?>
<testsuite xmlns:xsi="http://www.w3.org/2001/XMLSchema-instance" xsi:noNamespaceSchemaLocation="https://maven.apache.org/surefire/maven-surefire-plugin/xsd/surefire-test-report.xsd" name="org.Vapsi.AppTest" time="5.465" tests="3" errors="0" skipped="0" failures="0">
  <properties>
    <property name="java.specification.version" value="17"/>
    <property name="sun.jnu.encoding" value="UTF-8"/>
    <property name="java.class.path" value="/Users/gayatriishanpatil/IdeaProjects/FirstMaven/target/test-classes:/Users/gayatriishanpatil/IdeaProjects/FirstMaven/target/classes:/Users/gayatriishanpatil/.m2/repository/junit/junit/4.11/junit-4.11.jar:/Users/gayatriishanpatil/.m2/repository/org/hamcrest/hamcrest-core/1.3/hamcrest-core-1.3.jar:/Users/gayatriishanpatil/.m2/repository/org/testng/testng/6.14.3/testng-6.14.3.jar:/Users/gayatriishanpatil/.m2/repository/com/beust/jcommander/1.72/jcommander-1.72.jar:/Users/gayatriishanpatil/.m2/repository/org/apache-extras/beanshell/bsh/2.0b6/bsh-2.0b6.jar:"/>
    <property name="java.vm.vendor" value="Oracle Corporation"/>
    <property name="sun.arch.data.model" value="64"/>
    <property name="java.vendor.url" value="https://java.oracle.com/"/>
    <property name="os.name" value="Mac OS X"/>
    <property name="java.vm.specification.version" value="17"/>
    <property name="sun.java.launcher" value="SUN_STANDARD"/>
    <property name="user.country" value="GB"/>
    <property name="sun.boot.library.path" value="/Library/Java/JavaVirtualMachines/jdk-17.0.1.jdk/Contents/Home/lib"/>
    <property name="sun.java.command" value="/Users/gayatriishanpatil/IdeaProjects/FirstMaven/target/surefire/surefirebooter7497764087614714467.jar /Users/gayatriishanpatil/IdeaProjects/FirstMaven/target/surefire 2021-11-18T12-34-22_727-jvmRun1 surefire16468815892978850868tmp surefire_017175073380278802306tmp"/>
    <property name="http.nonProxyHosts" value="local|*.local|169.254/16|*.169.254/16"/>
    <property name="jdk.debug" value="release"/>
    <property name="surefire.test.class.path" value="/Users/gayatriishanpatil/IdeaProjects/FirstMaven/target/test-classes:/Users/gayatriishanpatil/IdeaProjects/FirstMaven/target/classes:/Users/gayatriishanpatil/.m2/repository/junit/junit/4.11/junit-4.11.jar:/Users/gayatriishanpatil/.m2/repository/org/hamcrest/hamcrest-core/1.3/hamcrest-core-1.3.jar:/Users/gayatriishanpatil/.m2/repository/org/testng/testng/6.14.3/testng-6.14.3.jar:/Users/gayatriishanpatil/.m2/repository/com/beust/jcommander/1.72/jcommander-1.72.jar:/Users/gayatriishanpatil/.m2/repository/org/apache-extras/beanshell/bsh/2.0b6/bsh-2.0b6.jar:"/>
    <property name="sun.cpu.endian" value="little"/>
    <property name="user.home" value="/Users/gayatriishanpatil"/>
    <property name="user.language" value="en"/>
    <property name="java.specification.vendor" value="Oracle Corporation"/>
    <property name="java.version.date" value="2021-10-19"/>
    <property name="java.home" value="/Library/Java/JavaVirtualMachines/jdk-17.0.1.jdk/Contents/Home"/>
    <property name="file.separator" value="/"/>
    <property name="basedir" value="/Users/gayatriishanpatil/IdeaProjects/FirstMaven"/>
    <property name="java.vm.compressedOopsMode" value="Zero based"/>
    <property name="line.separator" value="&#10;"/>
    <property name="java.specification.name" value="Java Platform API Specification"/>
    <property name="java.vm.specification.vendor" value="Oracle Corporation"/>
    <property name="surefire.real.class.path" value="/Users/gayatriishanpatil/IdeaProjects/FirstMaven/target/surefire/surefirebooter7497764087614714467.jar"/>
    <property name="sun.management.compiler" value="HotSpot 64-Bit Tiered Compilers"/>
    <property name="ftp.nonProxyHosts" value="local|*.local|169.254/16|*.169.254/16"/>
    <property name="java.runtime.version" value="17.0.1+12-LTS-39"/>
    <property name="user.name" value="gayatriishanpatil"/>
    <property name="path.separator" value=":"/>
    <property name="os.version" value="11.5"/>
    <property name="java.runtime.name" value="Java(TM) SE Runtime Environment"/>
    <property name="file.encoding" value="UTF-8"/>
    <property name="java.vm.name" value="Java HotSpot(TM) 64-Bit Server VM"/>
    <property name="localRepository" value="/Users/gayatriishanpatil/.m2/repository"/>
    <property name="java.vendor.url.bug" value="https://bugreport.java.com/bugreport/"/>
    <property name="java.io.tmpdir" value="/var/folders/w_/2dmn0zls0xj8n6dm46qmnwmh0000gn/T/"/>
    <property name="idea.version" value="2021.2.3"/>
    <property name="java.version" value="17.0.1"/>
    <property name="user.dir" value="/Users/gayatriishanpatil/IdeaProjects/FirstMaven"/>
    <property name="os.arch" value="x86_64"/>
    <property name="java.vm.specification.name" value="Java Virtual Machine Specification"/>
    <property name="native.encoding" value="UTF-8"/>
    <property name="java.library.path" value="/Users/gayatriishanpatil/Library/Java/Extensions:/Library/Java/Extensions:/Network/Library/Java/Extensions:/System/Library/Java/Extensions:/usr/lib/java:."/>
    <property name="java.vm.info" value="mixed mode, sharing"/>
    <property name="java.vendor" value="Oracle Corporation"/>
    <property name="java.vm.version" value="17.0.1+12-LTS-39"/>
    <property name="sun.io.unicode.encoding" value="UnicodeBig"/>
    <property name="socksNonProxyHosts" value="local|*.local|169.254/16|*.169.254/16"/>
    <property name="java.class.version" value="61.0"/>
  </properties>
  <testcase name="Print1 on Print1(org.Vapsi.AppTest)" classname="org.Vapsi.AppTest" time="0.003"/>
  <testcase name="shouldAnswerWithTrue on shouldAnswerWithTrue(org.Vapsi.AppTest)" classname="org.Vapsi.AppTest" time="0"/>
  <testcase name="Print on Print(org.Vapsi.AppTest)" classname="org.Vapsi.AppTest" time="0.001"/>
</testsuite>