<?xml version="1.0" encoding="UTF-8"?>
<!-- Generated by org.testng.reporters.JUnitReportReporter -->
<testsuite hostname="GAYATRIs-MacBook-Pro.local" failures="0" tests="3" name="org.Vapsi.AppTest" time="0.057" errors="0" timestamp="18 Nov 2021 07:04:29 GMT" skipped="0">
  <testcase classname="org.Vapsi.AppTest" name="Print" time="0.007"/>
  <testcase classname="org.Vapsi.AppTest" name="Print1" time="0.044"/>
  <testcase classname="org.Vapsi.AppTest" name="shouldAnswerWithTrue" time="0.006"/>
</testsuite> <!-- org.Vapsi.AppTest -->
